0 info it worked if it ends with ok
1 verbose cli [ '/usr/local/bin/node', '/usr/local/bin/npm', 'start' ]
2 info using npm@3.10.10
3 info using node@v6.11.1
4 verbose run-script [ 'prestart', 'start', 'poststart' ]
5 info lifecycle MaddieToday@0.0.1~prestart: MaddieToday@0.0.1
6 silly lifecycle MaddieToday@0.0.1~prestart: no script for prestart, continuing
7 info lifecycle MaddieToday@0.0.1~start: MaddieToday@0.0.1
8 verbose lifecycle MaddieToday@0.0.1~start: unsafe-perm in lifecycle true
9 verbose lifecycle MaddieToday@0.0.1~start: PATH: /usr/local/lib/node_modules/npm/bin/node-gyp-bin:/Users/maddie/code/ayht/Website/node_modules/.bin:/usr/local/opt/openssl/bin:/usr/local/opt/openssl/bin:/usr/local/opt/openssl/bin:/usr/bin:/bin:/usr/sbin:/sbin:/usr/local/bin:/usr/local/go/bin:/Users/maddie/.bpkg/bin:/Users/maddie/bin:/Users/maddie/usr/local/sbin:/usr/local/sbin:/Users/maddie/.fzf/bin
10 verbose lifecycle MaddieToday@0.0.1~start: CWD: /Users/maddie/code/ayht/Website
11 silly lifecycle MaddieToday@0.0.1~start: Args: [ '-c', 'rm public/index.js&& make browser && node server' ]
12 silly lifecycle MaddieToday@0.0.1~start: Returned: code: 1  signal: null
13 info lifecycle MaddieToday@0.0.1~start: Failed to exec start script
14 verbose stack Error: MaddieToday@0.0.1 start: `rm public/index.js&& make browser && node server`
14 verbose stack Exit status 1
14 verbose stack     at EventEmitter.<anonymous> (/usr/local/lib/node_modules/npm/lib/utils/lifecycle.js:255:16)
14 verbose stack     at emitTwo (events.js:106:13)
14 verbose stack     at EventEmitter.emit (events.js:191:7)
14 verbose stack     at ChildProcess.<anonymous> (/usr/local/lib/node_modules/npm/lib/utils/spawn.js:40:14)
14 verbose stack     at emitTwo (events.js:106:13)
14 verbose stack     at ChildProcess.emit (events.js:191:7)
14 verbose stack     at maybeClose (internal/child_process.js:891:16)
14 verbose stack     at Process.ChildProcess._handle.onexit (internal/child_process.js:226:5)
15 verbose pkgid MaddieToday@0.0.1
16 verbose cwd /Users/maddie/code/ayht/Website
17 error Darwin 16.7.0
18 error argv "/usr/local/bin/node" "/usr/local/bin/npm" "start"
19 error node v6.11.1
20 error npm  v3.10.10
21 error code ELIFECYCLE
22 error MaddieToday@0.0.1 start: `rm public/index.js&& make browser && node server`
22 error Exit status 1
23 error Failed at the MaddieToday@0.0.1 start script 'rm public/index.js&& make browser && node server'.
23 error Make sure you have the latest version of node.js and npm installed.
23 error If you do, this is most likely a problem with the MaddieToday package,
23 error not with npm itself.
23 error Tell the author that this fails on your system:
23 error     rm public/index.js&& make browser && node server
23 error You can get information on how to open an issue for this project with:
23 error     npm bugs MaddieToday
23 error Or if that isn't available, you can get their info via:
23 error     npm owner ls MaddieToday
23 error There is likely additional logging output above.
24 verbose exit [ 1, true ]
